<!DOCTYPE html PUBLIC "-//W3C//DTD XHTML 1.1//EN" "http://www.w3.org/TR/xhtml11/DTD/xhtml11.dtd">
<html xmlns="http://www.w3.org/1999/xhtml"><head><title>TestNG Report</title><style type="text/css">table {margin-bottom:10px;border-collapse:collapse;empty-cells:show}th,td {border:1px solid #009;padding:.25em .5em}th {vertical-align:bottom}td {vertical-align:top}table a {font-weight:bold}.stripe td {background-color: #E6EBF9}.num {text-align:right}.passedodd td {background-color: #3F3}.passedeven td {background-color: #0A0}.skippedodd td {background-color: #DDD}.skippedeven td {background-color: #CCC}.failedodd td,.attn {background-color: #F33}.failedeven td,.stripe .attn {background-color: #D00}.stacktrace {white-space:pre;font-family:monospace}.totop {font-size:85%;text-align:center;border-bottom:2px solid #000}</style></head><body><table><tr><th>Test</th><th># Passed</th><th># Skipped</th><th># Failed</th><th>Time (ms)</th><th>Included Groups</th><th>Excluded Groups</th></tr><tr><th colspan="7">example suite 1</th></tr><tr><td><a href="#t0">LIL suite 1</a></td><td class="num">6</td><td class="num">0</td><td class="num attn">2</td><td class="num">158,998</td><td></td><td></td></tr></table><table><thead><tr><th>Class</th><th>Method</th><th>Start</th><th>Time (ms)</th></tr></thead><tbody><tr><th colspan="4">example suite 1</th></tr></tbody><tbody id="t0"><tr><th colspan="4">LIL suite 1 &#8212; failed</th></tr><tr class="failedeven"><td rowspan="2">testcase.DigitalBookWizardTestNG</td><td><a href="#m0">uploadBannerImage</a></td><td rowspan="1">1492864270912</td><td rowspan="1">3208</td></tr><tr class="failedeven"><td><a href="#m1">uploadBaseImage</a></td><td rowspan="1">1492864192391</td><td rowspan="1">78497</td></tr><tr><th colspan="4">LIL suite 1 &#8212; passed</th></tr><tr class="passedeven"><td rowspan="2">testcase.DigitalBookWizardTestNG</td><td><a href="#m2">digitalBookWizrdOpen</a></td><td rowspan="1">1492864191660</td><td rowspan="1">726</td></tr><tr class="passedeven"><td><a href="#m3">listOfWizards</a></td><td rowspan="1">1492864188520</td><td rowspan="1">3133</td></tr><tr class="passedodd"><td rowspan="2">testcase.Login_Action</td><td><a href="#m4">enterCredentials</a></td><td rowspan="1">1492864158559</td><td rowspan="1">12384</td></tr><tr class="passedodd"><td><a href="#m5">modal_open</a></td><td rowspan="1">1492864156713</td><td rowspan="1">607</td></tr><tr class="passedeven"><td rowspan="2">testcase.No_of_ProjectTestNG</td><td><a href="#m6">clickUponProjectTab</a></td><td rowspan="1">1492864170950</td><td rowspan="1">13849</td></tr><tr class="passedeven"><td><a href="#m7">openProject</a></td><td rowspan="1">1492864184806</td><td rowspan="1">3710</td></tr></tbody></table><h2>LIL suite 1</h2><h3 id="m0">testcase.DigitalBookWizardTestNG#uploadBannerImage</h3><table class="result"><tr><th>Exception</th></tr><tr><td><div class="stacktrace">org.openqa.selenium.WebDriverException: unknown error: Element &lt;i class=&quot;fa fa-picture-o&quot;&gt;&lt;/i&gt; is not clickable at point (1097, 90). Other element would receive the click: &lt;i class=&quot;fa fa-search&quot;&gt;&lt;/i&gt;
  (Session info: chrome=57.0.2987.133)
  (Driver info: chromedriver=2.28.455520 (cc17746adff54984afff480136733114c6b3704b),platform=Windows NT 10.0.10586 x86_64) (WARNING: The server did not provide any stacktrace information)
Command duration or timeout: 114 milliseconds
Build info: version: &apos;2.53.0&apos;, revision: &apos;35ae25b&apos;, time: &apos;2016-03-15 17:00:58&apos;
System info: host: &apos;LAPTOP-UQLHQIUB&apos;, ip: &apos;192.124.120.112&apos;, os.name: &apos;Windows 10&apos;, os.arch: &apos;amd64&apos;, os.version: &apos;10.0&apos;, java.version: &apos;1.8.0_92&apos;
Driver info: org.openqa.selenium.chrome.ChromeDriver
Capabilities [{applicationCacheEnabled=false, rotatable=false, mobileEmulationEnabled=false, networkConnectionEnabled=false, chrome={chromedriverVersion=2.28.455520 (cc17746adff54984afff480136733114c6b3704b), userDataDir=C:\Users\Rahul\AppData\Local\Temp\scoped_dir8908_11214}, takesHeapSnapshot=true, pageLoadStrategy=normal, databaseEnabled=false, handlesAlerts=true, hasTouchScreen=false, version=57.0.2987.133, platform=XP, browserConnectionEnabled=false, nativeEvents=true, acceptSslCerts=true, locationContextEnabled=true, webStorageEnabled=true, browserName=chrome, takesScreenshot=true, javascriptEnabled=true, cssSelectorsEnabled=true, unexpectedAlertBehaviour=}]
Session ID: 49ed2fd52180c3c7873ff7f1f1d1d922
	at org.openqa.selenium.remote.ErrorHandler.createThrowable(ErrorHandler.java:206)
	at org.openqa.selenium.remote.ErrorHandler.throwIfResponseFailed(ErrorHandler.java:158)
	at org.openqa.selenium.remote.RemoteWebDriver.execute(RemoteWebDriver.java:678)
	at org.openqa.selenium.remote.RemoteWebElement.execute(RemoteWebElement.java:327)
	at org.openqa.selenium.remote.RemoteWebElement.click(RemoteWebElement.java:85)
	at pageObjects.WorkspaceMethods.bannerImage(WorkspaceMethods.java:147)
	at pageObjects.DigitalBookWizard.bannerImage(DigitalBookWizard.java:34)
	at testcase.DigitalBookWizardTestNG.uploadBannerImage(DigitalBookWizardTestNG.java:32)
... Removed 28 stack frames</div></td></tr></table><p class="totop"><a href="#summary">back to summary</a></p><h3 id="m1">testcase.DigitalBookWizardTestNG#uploadBaseImage</h3><table class="result"><tr><th>Exception</th></tr><tr><td><div class="stacktrace">org.openqa.selenium.NoSuchElementException: no such element: Unable to locate element: {&quot;method&quot;:&quot;class name&quot;,&quot;selector&quot;:&quot;success&quot;}
  (Session info: chrome=57.0.2987.133)
  (Driver info: chromedriver=2.28.455520 (cc17746adff54984afff480136733114c6b3704b),platform=Windows NT 10.0.10586 x86_64) (WARNING: The server did not provide any stacktrace information)
Command duration or timeout: 67 milliseconds
For documentation on this error, please visit: http://seleniumhq.org/exceptions/no_such_element.html
Build info: version: &apos;2.53.0&apos;, revision: &apos;35ae25b&apos;, time: &apos;2016-03-15 17:00:58&apos;
System info: host: &apos;LAPTOP-UQLHQIUB&apos;, ip: &apos;192.124.120.112&apos;, os.name: &apos;Windows 10&apos;, os.arch: &apos;amd64&apos;, os.version: &apos;10.0&apos;, java.version: &apos;1.8.0_92&apos;
Driver info: org.openqa.selenium.chrome.ChromeDriver
Capabilities [{applicationCacheEnabled=false, rotatable=false, mobileEmulationEnabled=false, networkConnectionEnabled=false, chrome={chromedriverVersion=2.28.455520 (cc17746adff54984afff480136733114c6b3704b), userDataDir=C:\Users\Rahul\AppData\Local\Temp\scoped_dir8908_11214}, takesHeapSnapshot=true, pageLoadStrategy=normal, databaseEnabled=false, handlesAlerts=true, hasTouchScreen=false, version=57.0.2987.133, platform=XP, browserConnectionEnabled=false, nativeEvents=true, acceptSslCerts=true, locationContextEnabled=true, webStorageEnabled=true, browserName=chrome, takesScreenshot=true, javascriptEnabled=true, cssSelectorsEnabled=true, unexpectedAlertBehaviour=}]
Session ID: 49ed2fd52180c3c7873ff7f1f1d1d922
*** Element info: {Using=class name, value=success}
	at org.openqa.selenium.remote.ErrorHandler.createThrowable(ErrorHandler.java:206)
	at org.openqa.selenium.remote.ErrorHandler.throwIfResponseFailed(ErrorHandler.java:158)
	at org.openqa.selenium.remote.RemoteWebDriver.execute(RemoteWebDriver.java:678)
	at org.openqa.selenium.remote.RemoteWebDriver.findElement(RemoteWebDriver.java:363)
	at org.openqa.selenium.remote.RemoteWebDriver.findElementByClassName(RemoteWebDriver.java:477)
	at org.openqa.selenium.By$ByClassName.findElement(By.java:391)
	at org.openqa.selenium.remote.RemoteWebDriver.findElement(RemoteWebDriver.java:355)
	at pageObjects.WorkspaceMethods.baseImage(WorkspaceMethods.java:303)
	at pageObjects.DigitalBookWizard.baseImage(DigitalBookWizard.java:28)
	at testcase.DigitalBookWizardTestNG.uploadBaseImage(DigitalBookWizardTestNG.java:26)
... Removed 28 stack frames</div></td></tr></table><p class="totop"><a href="#summary">back to summary</a></p><h3 id="m2">testcase.DigitalBookWizardTestNG#digitalBookWizrdOpen</h3><table class="result"></table><p class="totop"><a href="#summary">back to summary</a></p><h3 id="m3">testcase.DigitalBookWizardTestNG#listOfWizards</h3><table class="result"></table><p class="totop"><a href="#summary">back to summary</a></p><h3 id="m4">testcase.Login_Action#enterCredentials</h3><table class="result"><tr class="param"><th>Parameter #1</th><th>Parameter #2</th></tr><tr class="param stripe"><td>rahulrathore010@gmail.com</td><td>rahul</td></tr></table><p class="totop"><a href="#summary">back to summary</a></p><h3 id="m5">testcase.Login_Action#modal_open</h3><table class="result"></table><p class="totop"><a href="#summary">back to summary</a></p><h3 id="m6">testcase.No_of_ProjectTestNG#clickUponProjectTab</h3><table class="result"></table><p class="totop"><a href="#summary">back to summary</a></p><h3 id="m7">testcase.No_of_ProjectTestNG#openProject</h3><table class="result"></table><p class="totop"><a href="#summary">back to summary</a></p></body></html>