<?xml version="1.0" encoding="UTF-8"?>
<!-- Generated by org.testng.reporters.JUnitXMLReporter -->
<testsuite hostname="Rahul" name="Regression suite 1" tests="3" failures="1" timestamp="1 Feb 2017 10:58:38 GMT" time="96.816" errors="0">
  <testcase name="modal_open" time="0.549" classname="testcase.Login_Action">
    <failure type="java.lang.AssertionError" message="expected [true] but found [false]">
      <![CDATA[java.lang.AssertionError: expected [true] but found [false]
	at pageObjects.Login_Page.login_Modal(Login_Page.java:16)
	at testcase.Login_Action.modal_open(Login_Action.java:18)
... Removed 29 stack frames]]>
    </failure>
  </testcase> <!-- modal_open -->
  <testcase name="enterCredentials" time="10.858" classname="testcase.Login_Action"/>
  <testcase name="clickUponProjectTab" time="3.383" classname="testcase.No_of_ProjectTestNG"/>
</testsuite> <!-- Regression suite 1 -->
